<?xml version="1.0" encoding="UTF-8"?>
<testng-results skipped="0" failed="0" ignored="0" total="0" passed="0">
  <reporter-output>
  </reporter-output>
  <suite name="BDD Test Suite" duration-ms="188" started-at="2021-10-07T03:31:28Z" finished-at="2021-10-07T03:31:28Z">
    <groups>
      <group name="cucumber">
        <method signature="TestRunner.feature(cucumber.api.testng.CucumberFeatureWrapper)[pri:0, instance:Runner.TestRunner@6ea12c19]" name="feature" class="Runner.TestRunner"/>
      </group> <!-- cucumber -->
    </groups>
    <test name="FREE CRM Test" duration-ms="188" started-at="2021-10-07T03:31:28Z" finished-at="2021-10-07T03:31:28Z">
      <class name="Runner.TestRunner">
        <test-method status="PASS" signature="setUpClass()[pri:0, instance:Runner.TestRunner@6ea12c19]" name="setUpClass" is-config="true" duration-ms="114" started-at="2021-10-07T03:31:28Z" finished-at="2021-10-07T03:31:28Z">
          <reporter-output>
          </reporter-output>
        </test-method> <!-- setUpClass -->
        <test-method status="PASS" signature="tearDownClass()[pri:0, instance:Runner.TestRunner@6ea12c19]" name="tearDownClass" is-config="true" duration-ms="10" started-at="2021-10-07T03:31:28Z" finished-at="2021-10-07T03:31:28Z">
          <reporter-output>
          </reporter-output>
        </test-method> <!-- tearDownClass -->
      </class> <!-- Runner.TestRunner -->
    </test> <!-- FREE CRM Test -->
  </suite> <!-- BDD Test Suite -->
</testng-results>
